<?xml version="1.0" encoding="UTF-8"?>
<testsuite xmlns:xsi="http://www.w3.org/2001/XMLSchema-instance" xsi:noNamespaceSchemaLocation="https://maven.apache.org/surefire/maven-surefire-plugin/xsd/surefire-test-report.xsd" name="Login on saucedemo.com" time="0.668" tests="6" errors="6" skipped="0" failures="0">
  <properties>
[...]
</properties>
  <testcase name="As user I want to Login with valid credentials" classname="Login on saucedemo.com" time="0.596">
    <error message="The step &apos;Open web url &quot;https://www.saucedemo.com/&quot;&apos; and 3 other step(s) are undefined.&#10;You can implement these steps using the snippet(s) below:&#10;&#10;@Given(&quot;Open web url {string}&quot;)&#10;public void open_web_url(String string) {&#10;    // Write code here that turns the phrase above into concrete actions&#10;    throw new io.cucumber.java.PendingException();&#10;}&#10;@Given(&quot;Input username {string} and {string}&quot;)&#10;public void input_username_and(String string, String string2) {&#10;    // Write code here that turns the phrase above into concrete actions&#10;    throw new io.cucumber.java.PendingException();&#10;}&#10;@When(&quot;Click on Login button&quot;)&#10;public void click_on_login_button() {&#10;    // Write code here that turns the phrase above into concrete actions&#10;    throw new io.cucumber.java.PendingException();&#10;}&#10;@Then(&quot;Successfully login and navigate to Homepage&quot;)&#10;public void successfully_login_and_navigate_to_homepage() {&#10;    // Write code here that turns the phrase above into concrete actions&#10;    throw new io.cucumber.java.PendingException();&#10;}&#10;" type="io.cucumber.junit.UndefinedStepException">io.cucumber.junit.UndefinedStepException: 
The step 'Open web url "https://www.saucedemo.com/"' and 3 other step(s) are undefined.
You can implement these steps using the snippet(s) below:

@Given("Open web url {string}")
public void open_web_url(String string) {
    // Write code here that turns the phrase above into concrete actions
    throw new io.cucumber.java.PendingException();
}
@Given("Input username {string} and {string}")
public void input_username_and(String string, String string2) {
    // Write code here that turns the phrase above into concrete actions
    throw new io.cucumber.java.PendingException();
}
@When("Click on Login button")
public void click_on_login_button() {
    // Write code here that turns the phrase above into concrete actions
    throw new io.cucumber.java.PendingException();
}
@Then("Successfully login and navigate to Homepage")
public void successfully_login_and_navigate_to_homepage() {
    // Write code here that turns the phrase above into concrete actions
    throw new io.cucumber.java.PendingException();
}

</error>
    <system-out><![CDATA[&amp#27;[32m&amp#27;[1m?????????????????????????????????????????????????????????????????????????????????????&amp#27;[0m
&amp#27;[32m&amp#27;[1m?&amp#27;[0m Share your Cucumber Report with your team at &amp#27;[36m&amp#27;[1m&amp#27;[4mhttps://reports.cucumber.io&amp#27;[0m          &amp#27;[32m&amp#27;[1m?&amp#27;[0m
&amp#27;[32m&amp#27;[1m?&amp#27;[0m Activate publishing with one of the following:                                    &amp#27;[32m&amp#27;[1m?&amp#27;[0m
&amp#27;[32m&amp#27;[1m?&amp#27;[0m                                                                                   &amp#27;[32m&amp#27;[1m?&amp#27;[0m
&amp#27;[32m&amp#27;[1m?&amp#27;[0m src/test/resources/cucumber.properties:          &amp#27;[36mcucumber.publish.enabled&amp#27;[0m=&amp#27;[36mtrue&amp#27;[0m    &amp#27;[32m&amp#27;[1m?&amp#27;[0m
&amp#27;[32m&amp#27;[1m?&amp#27;[0m src/test/resources/junit-platform.properties:    &amp#27;[36mcucumber.publish.enabled&amp#27;[0m=&amp#27;[36mtrue&amp#27;[0m    &amp#27;[32m&amp#27;[1m?&amp#27;[0m
&amp#27;[32m&amp#27;[1m?&amp#27;[0m Environment variable:                            &amp#27;[36mCUCUMBER_PUBLISH_ENABLED&amp#27;[0m=&amp#27;[36mtrue&amp#27;[0m    &amp#27;[32m&amp#27;[1m?&amp#27;[0m
&amp#27;[32m&amp#27;[1m?&amp#27;[0m JUnit:                                           &amp#27;[36m@CucumberOptions&amp#27;[0m(publish = &amp#27;[36mtrue&amp#27;[0m) &amp#27;[32m&amp#27;[1m?&amp#27;[0m
&amp#27;[32m&amp#27;[1m?&amp#27;[0m                                                                                   &amp#27;[32m&amp#27;[1m?&amp#27;[0m
&amp#27;[32m&amp#27;[1m?&amp#27;[0m More information at &amp#27;[36mhttps://cucumber.io/docs/cucumber/environment-variables/&amp#27;[0m      &amp#27;[32m&amp#27;[1m?&amp#27;[0m
&amp#27;[32m&amp#27;[1m?&amp#27;[0m                                                                                   &amp#27;[32m&amp#27;[1m?&amp#27;[0m
&amp#27;[32m&amp#27;[1m?&amp#27;[0m Disable this message with one of the following:                                   &amp#27;[32m&amp#27;[1m?&amp#27;[0m
&amp#27;[32m&amp#27;[1m?&amp#27;[0m                                                                                   &amp#27;[32m&amp#27;[1m?&amp#27;[0m
&amp#27;[32m&amp#27;[1m?&amp#27;[0m src/test/resources/cucumber.properties:          &amp#27;[36mcucumber.publish.quiet&amp#27;[0m=&amp#27;[36mtrue&amp#27;[0m      &amp#27;[32m&amp#27;[1m?&amp#27;[0m
&amp#27;[32m&amp#27;[1m?&amp#27;[0m src/test/resources/junit-platform.properties:    &amp#27;[36mcucumber.publish.quiet&amp#27;[0m=&amp#27;[36mtrue&amp#27;[0m      &amp#27;[32m&amp#27;[1m?&amp#27;[0m
&amp#27;[32m&amp#27;[1m?????????????????????????????????????????????????????????????????????????????????????&amp#27;[0m

Scenario: As user I want to Login with valid credentials &amp#27;[90m# src/test/resources/Features/Login.feature:3&amp#27;[0m
  &amp#27;[33mGiven &amp#27;[0m&amp#27;[33mOpen web url "https://www.saucedemo.com/"&amp#27;[0m
  &amp#27;[36mAnd &amp#27;[0m&amp#27;[36mInput username "standard_user" and "secret_sauce"&amp#27;[0m
  &amp#27;[36mWhen &amp#27;[0m&amp#27;[36mClick on Login button&amp#27;[0m
  &amp#27;[36mThen &amp#27;[0m&amp#27;[36mSuccessfully login and navigate to Homepage&amp#27;[0m
]]></system-out>
  </testcase>
  <testcase name="As user I want to Login with invalid credentials #1" classname="Login on saucedemo.com" time="0.013">
    <error message="The step &apos;Open web url &quot;https://www.saucedemo.com/&quot;&apos; and 3 other step(s) are undefined.&#10;You can implement these steps using the snippet(s) below:&#10;&#10;@Given(&quot;Open web url {string}&quot;)&#10;public void open_web_url(String string) {&#10;    // Write code here that turns the phrase above into concrete actions&#10;    throw new io.cucumber.java.PendingException();&#10;}&#10;@Given(&quot;Input username {string} and {string}&quot;)&#10;public void input_username_and(String string, String string2) {&#10;    // Write code here that turns the phrase above into concrete actions&#10;    throw new io.cucumber.java.PendingException();&#10;}&#10;@When(&quot;Click on Login button&quot;)&#10;public void click_on_login_button() {&#10;    // Write code here that turns the phrase above into concrete actions&#10;    throw new io.cucumber.java.PendingException();&#10;}&#10;@Then(&quot;Login failed and error message appears&quot;)&#10;public void login_failed_and_error_message_appears() {&#10;    // Write code here that turns the phrase above into concrete actions&#10;    throw new io.cucumber.java.PendingException();&#10;}&#10;" type="io.cucumber.junit.UndefinedStepException">io.cucumber.junit.UndefinedStepException: 
The step 'Open web url "https://www.saucedemo.com/"' and 3 other step(s) are undefined.
You can implement these steps using the snippet(s) below:

@Given("Open web url {string}")
public void open_web_url(String string) {
    // Write code here that turns the phrase above into concrete actions
    throw new io.cucumber.java.PendingException();
}
@Given("Input username {string} and {string}")
public void input_username_and(String string, String string2) {
    // Write code here that turns the phrase above into concrete actions
    throw new io.cucumber.java.PendingException();
}
@When("Click on Login button")
public void click_on_login_button() {
    // Write code here that turns the phrase above into concrete actions
    throw new io.cucumber.java.PendingException();
}
@Then("Login failed and error message appears")
public void login_failed_and_error_message_appears() {
    // Write code here that turns the phrase above into concrete actions
    throw new io.cucumber.java.PendingException();
}

</error>
    <system-out><![CDATA[
Scenario Outline: As user I want to Login with invalid credentials &amp#27;[90m# src/test/resources/Features/Login.feature:16&amp#27;[0m
  &amp#27;[33mGiven &amp#27;[0m&amp#27;[33mOpen web url "https://www.saucedemo.com/"&amp#27;[0m
  &amp#27;[36mAnd &amp#27;[0m&amp#27;[36mInput username "standard_user" and "non_secret_sauce"&amp#27;[0m
  &amp#27;[36mWhen &amp#27;[0m&amp#27;[36mClick on Login button&amp#27;[0m
  &amp#27;[36mThen &amp#27;[0m&amp#27;[36mLogin failed and error message appears&amp#27;[0m
]]></system-out>
  </testcase>
  <testcase name="As user I want to Login with invalid credentials #2" classname="Login on saucedemo.com" time="0.013">
    <error message="The step &apos;Open web url &quot;https://www.saucedemo.com/&quot;&apos; and 3 other step(s) are undefined.&#10;You can implement these steps using the snippet(s) below:&#10;&#10;@Given(&quot;Open web url {string}&quot;)&#10;public void open_web_url(String string) {&#10;    // Write code here that turns the phrase above into concrete actions&#10;    throw new io.cucumber.java.PendingException();&#10;}&#10;@Given(&quot;Input username {string} and {string}&quot;)&#10;public void input_username_and(String string, String string2) {&#10;    // Write code here that turns the phrase above into concrete actions&#10;    throw new io.cucumber.java.PendingException();&#10;}&#10;@When(&quot;Click on Login button&quot;)&#10;public void click_on_login_button() {&#10;    // Write code here that turns the phrase above into concrete actions&#10;    throw new io.cucumber.java.PendingException();&#10;}&#10;@Then(&quot;Login failed and error message appears&quot;)&#10;public void login_failed_and_error_message_appears() {&#10;    // Write code here that turns the phrase above into concrete actions&#10;    throw new io.cucumber.java.PendingException();&#10;}&#10;" type="io.cucumber.junit.UndefinedStepException">io.cucumber.junit.UndefinedStepException: 
The step 'Open web url "https://www.saucedemo.com/"' and 3 other step(s) are undefined.
You can implement these steps using the snippet(s) below:

@Given("Open web url {string}")
public void open_web_url(String string) {
    // Write code here that turns the phrase above into concrete actions
    throw new io.cucumber.java.PendingException();
}
@Given("Input username {string} and {string}")
public void input_username_and(String string, String string2) {
    // Write code here that turns the phrase above into concrete actions
    throw new io.cucumber.java.PendingException();
}
@When("Click on Login button")
public void click_on_login_button() {
    // Write code here that turns the phrase above into concrete actions
    throw new io.cucumber.java.PendingException();
}
@Then("Login failed and error message appears")
public void login_failed_and_error_message_appears() {
    // Write code here that turns the phrase above into concrete actions
    throw new io.cucumber.java.PendingException();
}

</error>
    <system-out><![CDATA[
Scenario Outline: As user I want to Login with invalid credentials &amp#27;[90m# src/test/resources/Features/Login.feature:17&amp#27;[0m
  &amp#27;[33mGiven &amp#27;[0m&amp#27;[33mOpen web url "https://www.saucedemo.com/"&amp#27;[0m
  &amp#27;[36mAnd &amp#27;[0m&amp#27;[36mInput username "just_user" and "secret_sauce"&amp#27;[0m
  &amp#27;[36mWhen &amp#27;[0m&amp#27;[36mClick on Login button&amp#27;[0m
  &amp#27;[36mThen &amp#27;[0m&amp#27;[36mLogin failed and error message appears&amp#27;[0m
]]></system-out>
  </testcase>
  <testcase name="As user I want to Login without input one of some credentials or without any credentials #1" classname="Login on saucedemo.com" time="0.02">
    <error message="The step &apos;Open web url &quot;https://www.saucedemo.com/&quot;&apos; and 3 other step(s) are undefined.&#10;You can implement these steps using the snippet(s) below:&#10;&#10;@Given(&quot;Open web url {string}&quot;)&#10;public void open_web_url(String string) {&#10;    // Write code here that turns the phrase above into concrete actions&#10;    throw new io.cucumber.java.PendingException();&#10;}&#10;@Given(&quot;Input username {string} and {string}&quot;)&#10;public void input_username_and(String string, String string2) {&#10;    // Write code here that turns the phrase above into concrete actions&#10;    throw new io.cucumber.java.PendingException();&#10;}&#10;@When(&quot;Click on Login button&quot;)&#10;public void click_on_login_button() {&#10;    // Write code here that turns the phrase above into concrete actions&#10;    throw new io.cucumber.java.PendingException();&#10;}&#10;@Then(&quot;Login failed and error message appears based on which null fields&quot;)&#10;public void login_failed_and_error_message_appears_based_on_which_null_fields() {&#10;    // Write code here that turns the phrase above into concrete actions&#10;    throw new io.cucumber.java.PendingException();&#10;}&#10;" type="io.cucumber.junit.UndefinedStepException">io.cucumber.junit.UndefinedStepException: 
The step 'Open web url "https://www.saucedemo.com/"' and 3 other step(s) are undefined.
You can implement these steps using the snippet(s) below:

@Given("Open web url {string}")
public void open_web_url(String string) {
    // Write code here that turns the phrase above into concrete actions
    throw new io.cucumber.java.PendingException();
}
@Given("Input username {string} and {string}")
public void input_username_and(String string, String string2) {
    // Write code here that turns the phrase above into concrete actions
    throw new io.cucumber.java.PendingException();
}
@When("Click on Login button")
public void click_on_login_button() {
    // Write code here that turns the phrase above into concrete actions
    throw new io.cucumber.java.PendingException();
}
@Then("Login failed and error message appears based on which null fields")
public void login_failed_and_error_message_appears_based_on_which_null_fields() {
    // Write code here that turns the phrase above into concrete actions
    throw new io.cucumber.java.PendingException();
}

</error>
    <system-out><![CDATA[
Scenario Outline: As user I want to Login without input one of some credentials or without any credentials &amp#27;[90m# src/test/resources/Features/Login.feature:26&amp#27;[0m
  &amp#27;[33mGiven &amp#27;[0m&amp#27;[33mOpen web url "https://www.saucedemo.com/"&amp#27;[0m
  &amp#27;[36mAnd &amp#27;[0m&amp#27;[36mInput username "standard_user" and ""&amp#27;[0m
  &amp#27;[36mWhen &amp#27;[0m&amp#27;[36mClick on Login button&amp#27;[0m
  &amp#27;[36mThen &amp#27;[0m&amp#27;[36mLogin failed and error message appears based on which null fields&amp#27;[0m
]]></system-out>
  </testcase>
  <testcase name="As user I want to Login without input one of some credentials or without any credentials #2" classname="Login on saucedemo.com" time="0.013">
    <error message="The step &apos;Open web url &quot;https://www.saucedemo.com/&quot;&apos; and 3 other step(s) are undefined.&#10;You can implement these steps using the snippet(s) below:&#10;&#10;@Given(&quot;Open web url {string}&quot;)&#10;public void open_web_url(String string) {&#10;    // Write code here that turns the phrase above into concrete actions&#10;    throw new io.cucumber.java.PendingException();&#10;}&#10;@Given(&quot;Input username {string} and {string}&quot;)&#10;public void input_username_and(String string, String string2) {&#10;    // Write code here that turns the phrase above into concrete actions&#10;    throw new io.cucumber.java.PendingException();&#10;}&#10;@When(&quot;Click on Login button&quot;)&#10;public void click_on_login_button() {&#10;    // Write code here that turns the phrase above into concrete actions&#10;    throw new io.cucumber.java.PendingException();&#10;}&#10;@Then(&quot;Login failed and error message appears based on which null fields&quot;)&#10;public void login_failed_and_error_message_appears_based_on_which_null_fields() {&#10;    // Write code here that turns the phrase above into concrete actions&#10;    throw new io.cucumber.java.PendingException();&#10;}&#10;" type="io.cucumber.junit.UndefinedStepException">io.cucumber.junit.UndefinedStepException: 
The step 'Open web url "https://www.saucedemo.com/"' and 3 other step(s) are undefined.
You can implement these steps using the snippet(s) below:

@Given("Open web url {string}")
public void open_web_url(String string) {
    // Write code here that turns the phrase above into concrete actions
    throw new io.cucumber.java.PendingException();
}
@Given("Input username {string} and {string}")
public void input_username_and(String string, String string2) {
    // Write code here that turns the phrase above into concrete actions
    throw new io.cucumber.java.PendingException();
}
@When("Click on Login button")
public void click_on_login_button() {
    // Write code here that turns the phrase above into concrete actions
    throw new io.cucumber.java.PendingException();
}
@Then("Login failed and error message appears based on which null fields")
public void login_failed_and_error_message_appears_based_on_which_null_fields() {
    // Write code here that turns the phrase above into concrete actions
    throw new io.cucumber.java.PendingException();
}

</error>
    <system-out><![CDATA[
Scenario Outline: As user I want to Login without input one of some credentials or without any credentials &amp#27;[90m# src/test/resources/Features/Login.feature:27&amp#27;[0m
  &amp#27;[33mGiven &amp#27;[0m&amp#27;[33mOpen web url "https://www.saucedemo.com/"&amp#27;[0m
  &amp#27;[36mAnd &amp#27;[0m&amp#27;[36mInput username "" and "secret_sauce"&amp#27;[0m
  &amp#27;[36mWhen &amp#27;[0m&amp#27;[36mClick on Login button&amp#27;[0m
  &amp#27;[36mThen &amp#27;[0m&amp#27;[36mLogin failed and error message appears based on which null fields&amp#27;[0m
]]></system-out>
  </testcase>
  <testcase name="As user I want to Login without input one of some credentials or without any credentials #3" classname="Login on saucedemo.com" time="0.011">
    <error message="The step &apos;Open web url &quot;https://www.saucedemo.com/&quot;&apos; and 3 other step(s) are undefined.&#10;You can implement these steps using the snippet(s) below:&#10;&#10;@Given(&quot;Open web url {string}&quot;)&#10;public void open_web_url(String string) {&#10;    // Write code here that turns the phrase above into concrete actions&#10;    throw new io.cucumber.java.PendingException();&#10;}&#10;@Given(&quot;Input username {string} and {string}&quot;)&#10;public void input_username_and(String string, String string2) {&#10;    // Write code here that turns the phrase above into concrete actions&#10;    throw new io.cucumber.java.PendingException();&#10;}&#10;@When(&quot;Click on Login button&quot;)&#10;public void click_on_login_button() {&#10;    // Write code here that turns the phrase above into concrete actions&#10;    throw new io.cucumber.java.PendingException();&#10;}&#10;@Then(&quot;Login failed and error message appears based on which null fields&quot;)&#10;public void login_failed_and_error_message_appears_based_on_which_null_fields() {&#10;    // Write code here that turns the phrase above into concrete actions&#10;    throw new io.cucumber.java.PendingException();&#10;}&#10;" type="io.cucumber.junit.UndefinedStepException">io.cucumber.junit.UndefinedStepException: 
The step 'Open web url "https://www.saucedemo.com/"' and 3 other step(s) are undefined.
You can implement these steps using the snippet(s) below:

@Given("Open web url {string}")
public void open_web_url(String string) {
    // Write code here that turns the phrase above into concrete actions
    throw new io.cucumber.java.PendingException();
}
@Given("Input username {string} and {string}")
public void input_username_and(String string, String string2) {
    // Write code here that turns the phrase above into concrete actions
    throw new io.cucumber.java.PendingException();
}
@When("Click on Login button")
public void click_on_login_button() {
    // Write code here that turns the phrase above into concrete actions
    throw new io.cucumber.java.PendingException();
}
@Then("Login failed and error message appears based on which null fields")
public void login_failed_and_error_message_appears_based_on_which_null_fields() {
    // Write code here that turns the phrase above into concrete actions
    throw new io.cucumber.java.PendingException();
}

</error>
    <system-out><![CDATA[
Scenario Outline: As user I want to Login without input one of some credentials or without any credentials &amp#27;[90m# src/test/resources/Features/Login.feature:28&amp#27;[0m
  &amp#27;[33mGiven &amp#27;[0m&amp#27;[33mOpen web url "https://www.saucedemo.com/"&amp#27;[0m
  &amp#27;[36mAnd &amp#27;[0m&amp#27;[36mInput username "" and ""&amp#27;[0m
  &amp#27;[36mWhen &amp#27;[0m&amp#27;[36mClick on Login button&amp#27;[0m
  &amp#27;[36mThen &amp#27;[0m&amp#27;[36mLogin failed and error message appears based on which null fields&amp#27;[0m
]]></system-out>
  </testcase>
</testsuite>